  InputParser.cpp
D:\oodsergei\labwork2\shapesSFML\CircleCreator.h(27,56): warning C4244: аргумент: преобразование "int" в "T", возможна потеря данных
          with
          [
              T=float
          ]
D:\oodsergei\labwork2\shapesSFML\CircleCreator.h(27,52): warning C4244: аргумент: преобразование "int" в "T", возможна потеря данных
          with
          [
              T=float
          ]
D:\oodsergei\labwork2\shapesSFML\CircleCreator.h(27,36): warning C4244: аргумент: преобразование "int" в "float", возможна потеря данных
D:\oodsergei\labwork2\shapesSFML\RectangleCreator.h(27,64): warning C4244: аргумент: преобразование "int" в "T", возможна потеря данных
          with
          [
              T=float
          ]
D:\oodsergei\labwork2\shapesSFML\RectangleCreator.h(27,55): warning C4244: аргумент: преобразование "int" в "T", возможна потеря данных
          with
          [
              T=float
          ]
D:\oodsergei\labwork2\shapesSFML\RectangleCreator.h(27,88): warning C4244: аргумент: преобразование "int" в "T", возможна потеря данных
          with
          [
              T=float
          ]
D:\oodsergei\labwork2\shapesSFML\RectangleCreator.h(27,84): warning C4244: аргумент: преобразование "int" в "T", возможна потеря данных
          with
          [
              T=float
          ]
D:\oodsergei\labwork2\shapesSFML\TriangleCreator.h(27,55): warning C4244: аргумент: преобразование "int" в "T", возможна потеря данных
          with
          [
              T=float
          ]
D:\oodsergei\labwork2\shapesSFML\TriangleCreator.h(27,51): warning C4244: аргумент: преобразование "int" в "T", возможна потеря данных
          with
          [
              T=float
          ]
D:\oodsergei\labwork2\shapesSFML\TriangleCreator.h(27,77): warning C4244: аргумент: преобразование "int" в "T", возможна потеря данных
          with
          [
              T=float
          ]
D:\oodsergei\labwork2\shapesSFML\TriangleCreator.h(27,73): warning C4244: аргумент: преобразование "int" в "T", возможна потеря данных
          with
          [
              T=float
          ]
D:\oodsergei\labwork2\shapesSFML\TriangleCreator.h(27,99): warning C4244: аргумент: преобразование "int" в "T", возможна потеря данных
          with
          [
              T=float
          ]
D:\oodsergei\labwork2\shapesSFML\TriangleCreator.h(27,95): warning C4244: аргумент: преобразование "int" в "T", возможна потеря данных
          with
          [
              T=float
          ]
  main.cpp
D:\oodsergei\labwork2\shapesSFML\CircleCreator.h(27,56): warning C4244: аргумент: преобразование "int" в "T", возможна потеря данных
          with
          [
              T=float
          ]
D:\oodsergei\labwork2\shapesSFML\CircleCreator.h(27,52): warning C4244: аргумент: преобразование "int" в "T", возможна потеря данных
          with
          [
              T=float
          ]
D:\oodsergei\labwork2\shapesSFML\CircleCreator.h(27,36): warning C4244: аргумент: преобразование "int" в "float", возможна потеря данных
D:\oodsergei\labwork2\shapesSFML\RectangleCreator.h(27,64): warning C4244: аргумент: преобразование "int" в "T", возможна потеря данных
          with
          [
              T=float
          ]
D:\oodsergei\labwork2\shapesSFML\RectangleCreator.h(27,55): warning C4244: аргумент: преобразование "int" в "T", возможна потеря данных
          with
          [
              T=float
          ]
D:\oodsergei\labwork2\shapesSFML\RectangleCreator.h(27,88): warning C4244: аргумент: преобразование "int" в "T", возможна потеря данных
          with
          [
              T=float
          ]
D:\oodsergei\labwork2\shapesSFML\RectangleCreator.h(27,84): warning C4244: аргумент: преобразование "int" в "T", возможна потеря данных
          with
          [
              T=float
          ]
D:\oodsergei\labwork2\shapesSFML\TriangleCreator.h(27,55): warning C4244: аргумент: преобразование "int" в "T", возможна потеря данных
          with
          [
              T=float
          ]
D:\oodsergei\labwork2\shapesSFML\TriangleCreator.h(27,51): warning C4244: аргумент: преобразование "int" в "T", возможна потеря данных
          with
          [
              T=float
          ]
D:\oodsergei\labwork2\shapesSFML\TriangleCreator.h(27,77): warning C4244: аргумент: преобразование "int" в "T", возможна потеря данных
          with
          [
              T=float
          ]
D:\oodsergei\labwork2\shapesSFML\TriangleCreator.h(27,73): warning C4244: аргумент: преобразование "int" в "T", возможна потеря данных
          with
          [
              T=float
          ]
D:\oodsergei\labwork2\shapesSFML\TriangleCreator.h(27,99): warning C4244: аргумент: преобразование "int" в "T", возможна потеря данных
          with
          [
              T=float
          ]
D:\oodsergei\labwork2\shapesSFML\TriangleCreator.h(27,95): warning C4244: аргумент: преобразование "int" в "T", возможна потеря данных
          with
          [
              T=float
          ]
  Создание кода...
  shapesSFML.vcxproj -> D:\oodsergei\labwork2\x64\Debug\shapesSFML.exe
